<?xml version="1.0" encoding="UTF-8"?>
<!-- Generated by org.testng.reporters.JUnitReportReporter -->
<testsuite hostname="desktop-503kcvu" failures="0" tests="4" name="Test_Execution.first" time="11.037" errors="0" timestamp="2026-01-25T22:06:22 IST" skipped="0">
  <testcase classname="Test_Execution.first" name="openBrowser" time="0.096"/>
  <testcase classname="Test_Execution.first" name="AccountFill" time="5.303"/>
  <testcase classname="Test_Execution.first" name="placeOrder" time="0.008"/>
  <testcase classname="Test_Execution.first" name="login" time="5.630"/>
</testsuite> <!-- Test_Execution.first -->
