<?xml version="1.0" encoding="UTF-8"?>
<!-- Generated by org.testng.reporters.JUnitXMLReporter -->
<testsuite ignored="1" hostname="desktop-503kcvu" failures="1" tests="1" name="Smoke Group" time="0.228" errors="0" timestamp="2026-01-25T14:16:49 IST">
  <testcase classname="tests.signupTest" name="signupTest" time="0.148">
    <failure type="java.lang.NullPointerException" message="Cannot invoke &amp;quot;org.openqa.selenium.WebDriver.findElement(org.openqa.selenium.By)&amp;quot; because &amp;quot;this.driver&amp;quot; is null">
      <![CDATA[java.lang.NullPointerException: Cannot invoke "org.openqa.selenium.WebDriver.findElement(org.openqa.selenium.By)" because "this.driver" is null
at pages.SignupPage.Signup(SignupPage.java:26)
at tests.signupTest.signupTest(signupTest.java:117)
at java.base/java.util.ArrayList.forEach(ArrayList.java:1596)
... Removed 25 stack frames]]>
    </failure>
  </testcase> <!-- signupTest -->
  <testcase classname="tests.signupTest" name="accountInfoTest" time="0.0">
    <ignored/>
  </testcase> <!-- accountInfoTest -->
</testsuite> <!-- Smoke Group -->
