<?xml version="1.0" encoding="UTF-8"?>
<!-- Generated by org.testng.reporters.JUnitXMLReporter -->
<testsuite ignored="0" hostname="desktop-503kcvu" failures="0" tests="4" name="Smoke Tests" time="13.236" errors="0" timestamp="2026-01-02T21:26:20 IST">
  <testcase classname="tests.GroupTestExample" name="addToCartTest" time="0.008"/>
  <testcase classname="tests.GroupTestExample" name="loginTest" time="0.004"/>
  <testcase classname="tests.GroupTestExample" name="logoutTest" time="0.001"/>
  <testcase classname="tests.Login_test" name="loginTest" time="13.174"/>
</testsuite> <!-- Smoke Tests -->
