<?xml version="1.0" encoding="UTF-8"?>
<!-- Generated by org.testng.reporters.JUnitXMLReporter -->
<testsuite ignored="0" hostname="desktop-503kcvu" failures="1" tests="1" name="Smoke" time="0.137" errors="0" timestamp="2026-01-25T17:34:00 IST">
  <testcase classname="Test_Execution.first" name="AccountFill" time="0.049">
    <failure type="java.lang.NullPointerException" message="Cannot invoke &amp;quot;org.openqa.selenium.WebDriver.findElement(org.openqa.selenium.By)&amp;quot; because &amp;quot;this.driver&amp;quot; is null">
      <![CDATA[java.lang.NullPointerException: Cannot invoke "org.openqa.selenium.WebDriver.findElement(org.openqa.selenium.By)" because "this.driver" is null
at pages.SignupPage.Signup(SignupPage.java:26)
at Test_Execution.first.AccountFill(first.java:15)
at java.base/java.util.ArrayList.forEach(ArrayList.java:1596)
... Removed 25 stack frames]]>
    </failure>
  </testcase> <!-- AccountFill -->
</testsuite> <!-- Smoke -->
