<?xml version="1.0" encoding="UTF-8"?>
<!-- Generated by org.testng.reporters.JUnitXMLReporter -->
<testsuite ignored="0" hostname="desktop-503kcvu" failures="0" tests="3" name="Test" time="0.056" errors="0" timestamp="2025-12-31T16:59:02 IST">
  <testcase classname="CrossBrowserTest" name="@BeforeTest setUp" time="-1.767180542576E9">
    <failure type="org.testng.TestNGException" message="
Parameter &amp;apos;browser&amp;apos; is required by BeforeTest on method setUp but has not been marked @Optional or defined
in C:\Users\rahul sahu\eclipse-workspace\SeleniumMavenProject\testng.xml">
      <![CDATA[org.testng.TestNGException: 
Parameter 'browser' is required by BeforeTest on method setUp but has not been marked @Optional or defined
in C:\Users\rahul sahu\eclipse-workspace\SeleniumMavenProject\testng.xml
... Removed 21 stack frames]]>
    </failure>
  </testcase> <!-- @BeforeTest setUp -->
  <testcase classname="CrossBrowserTest" name="@AfterTest tearDown" time="0.0">
    <skipped/>
  </testcase> <!-- @AfterTest tearDown -->
  <testcase classname="tests.Login_test" name="loginTest" time="0.0">
    <skipped/>
  </testcase> <!-- loginTest -->
  <testcase classname="CrossBrowserTest" name="openGoogle" time="0.0">
    <skipped/>
  </testcase> <!-- openGoogle -->
  <testcase classname="test_pagefactory.loginpagetest" name="loginTest" time="0.0">
    <skipped/>
  </testcase> <!-- loginTest -->
</testsuite> <!-- Test -->
