<?xml version="1.0" encoding="UTF-8"?>
<testng-results ignored="0" total="3" passed="3" failed="0" skipped="0">
  <reporter-output>
  </reporter-output>
  <suite started-at="2026-01-21T23:06:11 IST" name="Cross Browser Suite" finished-at="2026-01-21T23:06:39 IST" duration-ms="27913">
    <groups>
    </groups>
    <test started-at="2026-01-21T23:06:11 IST" name="Chrome Test" finished-at="2026-01-21T23:06:25 IST" duration-ms="13712">
      <class name="CrossBrowserTest">
        <test-method is-config="true" signature="setUp(java.lang.String)[pri:0, instance:CrossBrowserTest@351d00c0]" started-at="2026-01-21T23:06:11 IST" name="setUp" finished-at="2026-01-21T23:06:13 IST" duration-ms="1729" status="PASS">
          <params>
            <param index="0">
              <value>
                <![CDATA[chrome]]>
              </value>
            </param>
          </params>
          <reporter-output>
          </reporter-output>
        </test-method> <!-- setUp -->
        <test-method signature="openGoogle()[pri:0, instance:CrossBrowserTest@351d00c0]" started-at="2026-01-21T23:06:13 IST" name="openGoogle" finished-at="2026-01-21T23:06:24 IST" duration-ms="11613" status="PASS">
          <reporter-output>
          </reporter-output>
        </test-method> <!-- openGoogle -->
        <test-method is-config="true" signature="tearDown()[pri:0, instance:CrossBrowserTest@351d00c0]" started-at="2026-01-21T23:06:25 IST" name="tearDown" finished-at="2026-01-21T23:06:25 IST" duration-ms="336" status="PASS">
          <reporter-output>
          </reporter-output>
        </test-method> <!-- tearDown -->
      </class> <!-- CrossBrowserTest -->
    </test> <!-- Chrome Test -->
    <test started-at="2026-01-21T23:06:11 IST" name="Edge Test" finished-at="2026-01-21T23:06:33 IST" duration-ms="21708">
      <class name="CrossBrowserTest">
        <test-method is-config="true" signature="setUp(java.lang.String)[pri:0, instance:CrossBrowserTest@5bda8e08]" started-at="2026-01-21T23:06:11 IST" name="setUp" finished-at="2026-01-21T23:06:13 IST" duration-ms="1706" status="PASS">
          <params>
            <param index="0">
              <value>
                <![CDATA[edge]]>
              </value>
            </param>
          </params>
          <reporter-output>
          </reporter-output>
        </test-method> <!-- setUp -->
        <test-method signature="openGoogle()[pri:0, instance:CrossBrowserTest@5bda8e08]" started-at="2026-01-21T23:06:13 IST" name="openGoogle" finished-at="2026-01-21T23:06:33 IST" duration-ms="19831" status="PASS">
          <reporter-output>
          </reporter-output>
        </test-method> <!-- openGoogle -->
        <test-method is-config="true" signature="tearDown()[pri:0, instance:CrossBrowserTest@5bda8e08]" started-at="2026-01-21T23:06:33 IST" name="tearDown" finished-at="2026-01-21T23:06:33 IST" duration-ms="141" status="PASS">
          <reporter-output>
          </reporter-output>
        </test-method> <!-- tearDown -->
      </class> <!-- CrossBrowserTest -->
    </test> <!-- Edge Test -->
    <test started-at="2026-01-21T23:06:11 IST" name="Firefox Test" finished-at="2026-01-21T23:06:39 IST" duration-ms="27913">
      <class name="CrossBrowserTest">
        <test-method is-config="true" signature="setUp(java.lang.String)[pri:0, instance:CrossBrowserTest@233795b6]" started-at="2026-01-21T23:06:11 IST" name="setUp" finished-at="2026-01-21T23:06:16 IST" duration-ms="4408" status="PASS">
          <params>
            <param index="0">
              <value>
                <![CDATA[firefox]]>
              </value>
            </param>
          </params>
          <reporter-output>
          </reporter-output>
        </test-method> <!-- setUp -->
        <test-method signature="openGoogle()[pri:0, instance:CrossBrowserTest@233795b6]" started-at="2026-01-21T23:06:16 IST" name="openGoogle" finished-at="2026-01-21T23:06:38 IST" duration-ms="22540" status="PASS">
          <reporter-output>
          </reporter-output>
        </test-method> <!-- openGoogle -->
        <test-method is-config="true" signature="tearDown()[pri:0, instance:CrossBrowserTest@233795b6]" started-at="2026-01-21T23:06:38 IST" name="tearDown" finished-at="2026-01-21T23:06:39 IST" duration-ms="937" status="PASS">
          <reporter-output>
          </reporter-output>
        </test-method> <!-- tearDown -->
      </class> <!-- CrossBrowserTest -->
    </test> <!-- Firefox Test -->
  </suite> <!-- Cross Browser Suite -->
</testng-results>
