<?xml version="1.0" encoding="UTF-8"?>
<!-- Generated by org.testng.reporters.JUnitXMLReporter -->
<testsuite ignored="0" hostname="desktop-503kcvu" failures="0" tests="4" name="Simple Dependency Test" time="37.554" errors="0" timestamp="2026-01-02T21:45:32 IST">
  <testcase classname="tests.SimpleDependencyTest" name="loginTest" time="0.011"/>
  <testcase classname="tests.SimpleDependencyTest" name="dashboardTest" time="0.001"/>
  <testcase classname="tests.SimpleDependencyTest" name="logoutTest" time="0.0"/>
  <testcase classname="tests.Login_test" name="loginTest" time="37.5"/>
</testsuite> <!-- Simple Dependency Test -->
