<?xml version="1.0" encoding="UTF-8"?>
<!-- Generated by org.testng.reporters.JUnitReportReporter -->
<testsuite hostname="desktop-503kcvu" failures="0" tests="3" name="tests.GroupTestExample" time="0.024" errors="0" timestamp="2026-01-06T13:54:43 IST" skipped="0">
  <testcase classname="tests.GroupTestExample" name="loginTest" time="0.001"/>
  <testcase classname="tests.GroupTestExample" name="addToCartTest" time="0.020"/>
  <testcase classname="tests.GroupTestExample" name="logoutTest" time="0.003"/>
</testsuite> <!-- tests.GroupTestExample -->
