<?xml version="1.0" encoding="UTF-8"?>
<!-- Generated by org.testng.reporters.JUnitReportReporter -->
<testsuite hostname="desktop-503kcvu" failures="0" tests="3" name="tests.SimpleDependencyTest" time="0.012" errors="0" timestamp="2026-01-02T21:45:32 IST" skipped="0">
  <testcase classname="tests.SimpleDependencyTest" name="dashboardTest" time="0.001"/>
  <testcase classname="tests.SimpleDependencyTest" name="loginTest" time="0.011"/>
  <testcase classname="tests.SimpleDependencyTest" name="logoutTest" time="0.000"/>
</testsuite> <!-- tests.SimpleDependencyTest -->
