<?xml version="1.0" encoding="UTF-8"?>
<!-- Generated by org.testng.reporters.JUnitReportReporter -->
<testsuite hostname="desktop-503kcvu" failures="0" tests="3" name="CrossBrowserTest" time="63.241" errors="0" timestamp="2026-01-21T23:06:39 IST" skipped="0">
  <testcase classname="CrossBrowserTest" name="openGoogle" time="13.678"/>
  <testcase classname="CrossBrowserTest" name="openGoogle" time="21.678"/>
  <testcase classname="CrossBrowserTest" name="openGoogle" time="27.885"/>
</testsuite> <!-- CrossBrowserTest -->
